Using CPython 3.10.12 interpreter at: /usr/bin/python3
Creating virtual environment at: .venv
Installed 5 packages in 26ms

--- Query: neovim ---
Total: 1000, pages: 10
https://api.github.com/search/repositories?q=neovim&page=1&per_page=100
https://api.github.com/search/repositories?q=neovim&page=2&per_page=100
https://api.github.com/search/repositories?q=neovim&page=3&per_page=100
https://api.github.com/search/repositories?q=neovim&page=4&per_page=100
https://api.github.com/search/repositories?q=neovim&page=5&per_page=100
https://api.github.com/search/repositories?q=neovim&page=6&per_page=100
https://api.github.com/search/repositories?q=neovim&page=7&per_page=100
https://api.github.com/search/repositories?q=neovim&page=8&per_page=100
https://api.github.com/search/repositories?q=neovim&page=9&per_page=100
https://api.github.com/search/repositories?q=neovim&page=10&per_page=100

--- Query: .nvim+in:name ---
Total: 1000, pages: 10
https://api.github.com/search/repositories?q=.nvim+in:name&page=1&per_page=100
https://api.github.com/search/repositories?q=.nvim+in:name&page=2&per_page=100
https://api.github.com/search/repositories?q=.nvim+in:name&page=3&per_page=100
https://api.github.com/search/repositories?q=.nvim+in:name&page=4&per_page=100
https://api.github.com/search/repositories?q=.nvim+in:name&page=5&per_page=100
https://api.github.com/search/repositories?q=.nvim+in:name&page=6&per_page=100
https://api.github.com/search/repositories?q=.nvim+in:name&page=7&per_page=100
https://api.github.com/search/repositories?q=.nvim+in:name&page=8&per_page=100
https://api.github.com/search/repositories?q=.nvim+in:name&page=9&per_page=100
https://api.github.com/search/repositories?q=.nvim+in:name&page=10&per_page=100

--- Query: topic:neovim ---
Total: 1000, pages: 10
https://api.github.com/search/repositories?q=topic:neovim&page=1&per_page=100
https://api.github.com/search/repositories?q=topic:neovim&page=2&per_page=100
https://api.github.com/search/repositories?q=topic:neovim&page=3&per_page=100
https://api.github.com/search/repositories?q=topic:neovim&page=4&per_page=100
https://api.github.com/search/repositories?q=topic:neovim&page=5&per_page=100
https://api.github.com/search/repositories?q=topic:neovim&page=6&per_page=100
https://api.github.com/search/repositories?q=topic:neovim&page=7&per_page=100
https://api.github.com/search/repositories?q=topic:neovim&page=8&per_page=100
https://api.github.com/search/repositories?q=topic:neovim&page=9&per_page=100
https://api.github.com/search/repositories?q=topic:neovim&page=10&per_page=100

--- Query: topic:neovim-plugin ---
Total: 1000, pages: 10
https://api.github.com/search/repositories?q=topic:neovim-plugin&page=1&per_page=100
https://api.github.com/search/repositories?q=topic:neovim-plugin&page=2&per_page=100
https://api.github.com/search/repositories?q=topic:neovim-plugin&page=3&per_page=100
https://api.github.com/search/repositories?q=topic:neovim-plugin&page=4&per_page=100
https://api.github.com/search/repositories?q=topic:neovim-plugin&page=5&per_page=100
https://api.github.com/search/repositories?q=topic:neovim-plugin&page=6&per_page=100
https://api.github.com/search/repositories?q=topic:neovim-plugin&page=7&per_page=100
https://api.github.com/search/repositories?q=topic:neovim-plugin&page=8&per_page=100
https://api.github.com/search/repositories?q=topic:neovim-plugin&page=9&per_page=100
https://api.github.com/search/repositories?q=topic:neovim-plugin&page=10&per_page=100

--- Query: topic:nvim ---
Total: 1000, pages: 10
https://api.github.com/search/repositories?q=topic:nvim&page=1&per_page=100
https://api.github.com/search/repositories?q=topic:nvim&page=2&per_page=100
https://api.github.com/search/repositories?q=topic:nvim&page=3&per_page=100
https://api.github.com/search/repositories?q=topic:nvim&page=4&per_page=100
https://api.github.com/search/repositories?q=topic:nvim&page=5&per_page=100
https://api.github.com/search/repositories?q=topic:nvim&page=6&per_page=100
https://api.github.com/search/repositories?q=topic:nvim&page=7&per_page=100
https://api.github.com/search/repositories?q=topic:nvim&page=8&per_page=100
https://api.github.com/search/repositories?q=topic:nvim&page=9&per_page=100
https://api.github.com/search/repositories?q=topic:nvim&page=10&per_page=100

--- Query: topic:nvim-plugin ---
Total: 1000, pages: 10
https://api.github.com/search/repositories?q=topic:nvim-plugin&page=1&per_page=100
https://api.github.com/search/repositories?q=topic:nvim-plugin&page=2&per_page=100
https://api.github.com/search/repositories?q=topic:nvim-plugin&page=3&per_page=100
https://api.github.com/search/repositories?q=topic:nvim-plugin&page=4&per_page=100
https://api.github.com/search/repositories?q=topic:nvim-plugin&page=5&per_page=100
https://api.github.com/search/repositories?q=topic:nvim-plugin&page=6&per_page=100
https://api.github.com/search/repositories?q=topic:nvim-plugin&page=7&per_page=100
https://api.github.com/search/repositories?q=topic:nvim-plugin&page=8&per_page=100
https://api.github.com/search/repositories?q=topic:nvim-plugin&page=9&per_page=100
https://api.github.com/search/repositories?q=topic:nvim-plugin&page=10&per_page=100

--- Query: topic:neovim-lua ---
Total: 456, pages: 5
https://api.github.com/search/repositories?q=topic:neovim-lua&page=1&per_page=100
https://api.github.com/search/repositories?q=topic:neovim-lua&page=2&per_page=100
https://api.github.com/search/repositories?q=topic:neovim-lua&page=3&per_page=100
https://api.github.com/search/repositories?q=topic:neovim-lua&page=4&per_page=100
https://api.github.com/search/repositories?q=topic:neovim-lua&page=5&per_page=100

--- Query: topic:nvim-lua ---
Total: 411, pages: 5
https://api.github.com/search/repositories?q=topic:nvim-lua&page=1&per_page=100
https://api.github.com/search/repositories?q=topic:nvim-lua&page=2&per_page=100
https://api.github.com/search/repositories?q=topic:nvim-lua&page=3&per_page=100
https://api.github.com/search/repositories?q=topic:nvim-lua&page=4&per_page=100
https://api.github.com/search/repositories?q=topic:nvim-lua&page=5&per_page=100

--- Query: topic:neovim-colorscheme ---
Total: 401, pages: 5
https://api.github.com/search/repositories?q=topic:neovim-colorscheme&page=1&per_page=100
https://api.github.com/search/repositories?q=topic:neovim-colorscheme&page=2&per_page=100
https://api.github.com/search/repositories?q=topic:neovim-colorscheme&page=3&per_page=100
https://api.github.com/search/repositories?q=topic:neovim-colorscheme&page=4&per_page=100
https://api.github.com/search/repositories?q=topic:neovim-colorscheme&page=5&per_page=100

--- Query: topic:neovim-theme ---
Total: 237, pages: 3
https://api.github.com/search/repositories?q=topic:neovim-theme&page=1&per_page=100
https://api.github.com/search/repositories?q=topic:neovim-theme&page=2&per_page=100
https://api.github.com/search/repositories?q=topic:neovim-theme&page=3&per_page=100

--- Query: topic:neovim-lua-plugin ---
Total: 228, pages: 3
https://api.github.com/search/repositories?q=topic:neovim-lua-plugin&page=1&per_page=100
https://api.github.com/search/repositories?q=topic:neovim-lua-plugin&page=2&per_page=100
https://api.github.com/search/repositories?q=topic:neovim-lua-plugin&page=3&per_page=100

--- Query: topic:neovim-plugins ---
Total: 211, pages: 3
https://api.github.com/search/repositories?q=topic:neovim-plugins&page=1&per_page=100
https://api.github.com/search/repositories?q=topic:neovim-plugins&page=2&per_page=100
https://api.github.com/search/repositories?q=topic:neovim-plugins&page=3&per_page=100

--- Query: topic:nvim-plugins ---
Total: 86, pages: 1
https://api.github.com/search/repositories?q=topic:nvim-plugins&page=1&per_page=100

--- Query: topic:neovim-plugin-lua ---
Total: 74, pages: 1
https://api.github.com/search/repositories?q=topic:neovim-plugin-lua&page=1&per_page=100

--- Query: topic:neovim-conf ---
Total: 70, pages: 1
https://api.github.com/search/repositories?q=topic:neovim-conf&page=1&per_page=100

--- Query: topic:neovim-setup ---
Total: 59, pages: 1
https://api.github.com/search/repositories?q=topic:neovim-setup&page=1&per_page=100

Total unique repos: 3004
